<?xml version="1.0" encoding="utf-8"?><testsuites name="pytest tests"><testsuite name="pytest" errors="0" failures="0" skipped="0" tests="15" time="26.158" timestamp="2026-02-27T12:27:38.487092+00:00" hostname="agent-env-32459d03-a8ae-494f-b22d-5a63c6319ca5"><testcase classname="backend.tests.test_phase3_restitution.TestPhase3RestitutionAPIs" name="test_restitution_report_am_access" time="1.857" /><testcase classname="backend.tests.test_phase3_restitution.TestPhase3RestitutionAPIs" name="test_restitution_report_admin_access" time="1.950" /><testcase classname="backend.tests.test_phase3_restitution.TestPhase3RestitutionAPIs" name="test_restitution_report_client_forbidden" time="1.921" /><testcase classname="backend.tests.test_phase3_restitution.TestPhase3RestitutionAPIs" name="test_restitution_report_helpdesk_forbidden" time="1.982" /><testcase classname="backend.tests.test_phase3_restitution.TestPhase3RestitutionAPIs" name="test_restitution_report_with_service_filter" time="1.744" /><testcase classname="backend.tests.test_phase3_restitution.TestPhase3RestitutionAPIs" name="test_daily_restitution_am_access" time="1.708" /><testcase classname="backend.tests.test_phase3_restitution.TestPhase3RestitutionAPIs" name="test_daily_restitution_client_forbidden" time="1.681" /><testcase classname="backend.tests.test_phase3_restitution.TestPhase3RestitutionAPIs" name="test_monthly_pdf_am_access" time="1.935" /><testcase classname="backend.tests.test_phase3_restitution.TestPhase3RestitutionAPIs" name="test_monthly_pdf_admin_access" time="1.776" /><testcase classname="backend.tests.test_phase3_restitution.TestPhase3RestitutionAPIs" name="test_monthly_pdf_helpdesk_forbidden" time="1.719" /><testcase classname="backend.tests.test_phase3_restitution.TestPhase3RestitutionAPIs" name="test_monthly_pdf_client_forbidden" time="1.733" /><testcase classname="backend.tests.test_phase3_restitution.TestPhase3RestitutionAPIs" name="test_monthly_pdf_with_service_filter" time="1.771" /><testcase classname="backend.tests.test_phase3_restitution.TestPhase3RestitutionAPIs" name="test_am_dashboard_daily_restitution_stat" time="1.717" /><testcase classname="backend.tests.test_phase3_restitution.TestPhase3RestitutionAPIs" name="test_am_dashboard_includes_all_required_stats" time="1.920" /><testcase classname="backend.tests.test_phase3_restitution.TestRestitutionItemStructure" name="test_restitution_item_has_all_fields" time="0.581" /></testsuite></testsuites>