<?xml version="1.0" encoding="utf-8"?><testsuites name="pytest tests"><testsuite name="pytest" errors="0" failures="0" skipped="0" tests="17" time="9.782" timestamp="2026-02-27T13:23:02.593091+00:00" hostname="agent-env-32459d03-a8ae-494f-b22d-5a63c6319ca5"><testcase classname="backend.tests.test_phase5_new_features.TestPasswordChange" name="test_password_change_success" time="1.926" /><testcase classname="backend.tests.test_phase5_new_features.TestPasswordChange" name="test_password_change_wrong_current" time="0.664" /><testcase classname="backend.tests.test_phase5_new_features.TestPasswordChange" name="test_password_change_too_short" time="0.661" /><testcase classname="backend.tests.test_phase5_new_features.TestMonitoringAPIs" name="test_monitoring_status_am_access" time="0.609" /><testcase classname="backend.tests.test_phase5_new_features.TestMonitoringAPIs" name="test_monitoring_status_helpdesk_access" time="0.393" /><testcase classname="backend.tests.test_phase5_new_features.TestMonitoringAPIs" name="test_monitoring_status_eos_access" time="0.396" /><testcase classname="backend.tests.test_phase5_new_features.TestMonitoringAPIs" name="test_monitoring_status_client_forbidden" time="0.389" /><testcase classname="backend.tests.test_phase5_new_features.TestMonitoringAPIs" name="test_monitoring_ping_trigger" time="0.410" /><testcase classname="backend.tests.test_phase5_new_features.TestMonitoringAPIs" name="test_monitoring_history" time="0.436" /><testcase classname="backend.tests.test_phase5_new_features.TestMonitoringAPIs" name="test_monitoring_interval_admin_only" time="0.743" /><testcase classname="backend.tests.test_phase5_new_features.TestSettingsAPI" name="test_site_settings_public" time="0.055" /><testcase classname="backend.tests.test_phase5_new_features.TestSettingsAPI" name="test_settings_admin_only" time="0.751" /><testcase classname="backend.tests.test_phase5_new_features.TestSettingsAPI" name="test_settings_update_site_name" time="0.478" /><testcase classname="backend.tests.test_phase5_new_features.TestLogbookPhase3Fix" name="test_eos_login" time="0.323" /><testcase classname="backend.tests.test_phase5_new_features.TestLogbookPhase3Fix" name="test_get_assigned_tickets" time="0.537" /><testcase classname="backend.tests.test_phase5_new_features.TestAccessControl" name="test_client_cannot_see_monitoring" time="0.420" /><testcase classname="backend.tests.test_phase5_new_features.TestAccessControl" name="test_client_can_access_allowed_endpoints" time="0.490" /></testsuite></testsuites>