<?xml version="1.0" encoding="utf-8"?><testsuites name="pytest tests"><testsuite name="pytest" errors="0" failures="0" skipped="2" tests="15" time="8.546" timestamp="2026-02-27T12:43:46.852676+00:00" hostname="agent-env-32459d03-a8ae-494f-b22d-5a63c6319ca5"><testcase classname="backend.tests.test_phase4_sla_websocket.TestSLAComplianceAPI" name="test_sla_compliance_am_access_success" time="0.700" /><testcase classname="backend.tests.test_phase4_sla_websocket.TestSLAComplianceAPI" name="test_sla_compliance_admin_access_success" time="0.650" /><testcase classname="backend.tests.test_phase4_sla_websocket.TestSLAComplianceAPI" name="test_sla_compliance_client_forbidden" time="0.631" /><testcase classname="backend.tests.test_phase4_sla_websocket.TestSLAComplianceAPI" name="test_sla_compliance_helpdesk_forbidden" time="0.869" /><testcase classname="backend.tests.test_phase4_sla_websocket.TestSLAComplianceAPI" name="test_sla_compliance_response_structure" time="0.799" /><testcase classname="backend.tests.test_phase4_sla_websocket.TestSLAComplianceAPI" name="test_sla_compliance_breach_detection" time="0.781" /><testcase classname="backend.tests.test_phase4_sla_websocket.TestSLAComplianceAPI" name="test_sla_compliance_period_filter_3_months" time="1.090" /><testcase classname="backend.tests.test_phase4_sla_websocket.TestSLAComplianceAPI" name="test_sla_compliance_period_filter_12_months" time="0.861" /><testcase classname="backend.tests.test_phase4_sla_websocket.TestSLAComplianceAPI" name="test_sla_compliance_service_filter" time="0.756" /><testcase classname="backend.tests.test_phase4_sla_websocket.TestWebSocketEndpoint" name="test_websocket_endpoint_exists" time="0.000"><skipped type="pytest.skip" message="WebSocket cannot be tested via HTTP through K8s proxy - verified in code review">/app/backend/tests/test_phase4_sla_websocket.py:197: WebSocket cannot be tested via HTTP through K8s proxy - verified in code review</skipped></testcase><testcase classname="backend.tests.test_phase4_sla_websocket.TestWebSocketEndpoint" name="test_websocket_endpoint_invalid_token" time="0.000"><skipped type="pytest.skip" message="WebSocket cannot be tested via HTTP through K8s proxy - verified in code review">/app/backend/tests/test_phase4_sla_websocket.py:202: WebSocket cannot be tested via HTTP through K8s proxy - verified in code review</skipped></testcase><testcase classname="backend.tests.test_phase4_sla_websocket.TestWebSocketEndpoint" name="test_websocket_code_exists_in_backend" time="0.001" /><testcase classname="backend.tests.test_phase4_sla_websocket.TestTicketCreationNotification" name="test_ticket_creation_api" time="1.205" /><testcase classname="backend.tests.test_phase4_sla_websocket.TestDateUtilsVerification" name="test_date_utils_file_exists" time="0.001" /><testcase classname="backend.tests.test_phase4_sla_websocket.TestDateUtilsVerification" name="test_date_utils_exports" time="0.001" /></testsuite></testsuites>