<?xml version="1.0" encoding="utf-8"?><testsuites name="pytest tests"><testsuite name="pytest" errors="0" failures="0" skipped="0" tests="16" time="26.284" timestamp="2026-02-27T12:12:54.973619+00:00" hostname="agent-env-32459d03-a8ae-494f-b22d-5a63c6319ca5"><testcase classname="backend.tests.test_phase1_phase2.TestSetup" name="test_seed_data" time="0.305" /><testcase classname="backend.tests.test_phase1_phase2.TestAuthentication" name="test_login_all_roles[admin]" time="0.440" /><testcase classname="backend.tests.test_phase1_phase2.TestAuthentication" name="test_login_all_roles[am]" time="0.439" /><testcase classname="backend.tests.test_phase1_phase2.TestAuthentication" name="test_login_all_roles[helpdesk]" time="0.466" /><testcase classname="backend.tests.test_phase1_phase2.TestAuthentication" name="test_login_all_roles[eos]" time="0.424" /><testcase classname="backend.tests.test_phase1_phase2.TestAuthentication" name="test_login_all_roles[client]" time="0.448" /><testcase classname="backend.tests.test_phase1_phase2.TestPhase1TicketWorkflow" name="test_full_workflow_verify" time="5.004" /><testcase classname="backend.tests.test_phase1_phase2.TestPhase1TicketWorkflow" name="test_am_reject_workflow" time="5.521" /><testcase classname="backend.tests.test_phase1_phase2.TestPhase1TicketWorkflow" name="test_status_history_tracking" time="3.995" /><testcase classname="backend.tests.test_phase1_phase2.TestPhase2Profile" name="test_get_profile" time="0.981" /><testcase classname="backend.tests.test_phase1_phase2.TestPhase2Profile" name="test_update_profile" time="1.089" /><testcase classname="backend.tests.test_phase1_phase2.TestPhase2Chat" name="test_am_can_message_admin" time="1.274" /><testcase classname="backend.tests.test_phase1_phase2.TestPhase2Chat" name="test_helpdesk_cannot_message_admin" time="1.213" /><testcase classname="backend.tests.test_phase1_phase2.TestPhase2Chat" name="test_get_chat_users" time="0.677" /><testcase classname="backend.tests.test_phase1_phase2.TestSelectItemFix" name="test_create_ticket_with_all_service_types" time="2.948" /><testcase classname="backend.tests.test_phase1_phase2.TestSelectItemFix" name="test_restitution_calculation_all_services" time="0.799" /></testsuite></testsuites>